2025-12-26 10:16:48.849 [main] INFO  c.w.s.SchoolBackgroundServiceSystemApplication - Starting SchoolBackgroundServiceSystemApplication using Java 21.0.2 on 梦中情姬 with PID 25732 (D:\project\JavaWeb\SpringBoot\School_background_service_system\target\classes started by lin_tanoxi in D:\project\JavaWeb\SpringBoot\School_background_service_system)
2025-12-26 10:16:48.854 [main] INFO  c.w.s.SchoolBackgroundServiceSystemApplication - No active profile set, falling back to 1 default profile: "default"
2025-12-26 10:16:49.693 [main] INFO  o.s.boot.web.embedded.tomcat.TomcatWebServer - Tomcat initialized with port(s): 8081 (http)
2025-12-26 10:16:49.701 [main] INFO  org.apache.coyote.http11.Http11NioProtocol - Initializing ProtocolHandler ["http-nio-8081"]
2025-12-26 10:16:49.702 [main] INFO  org.apache.catalina.core.StandardService - Starting service [Tomcat]
2025-12-26 10:16:49.702 [main] INFO  org.apache.catalina.core.StandardEngine - Starting Servlet engine: [Apache Tomcat/9.0.68]
2025-12-26 10:16:49.788 [main] INFO  o.a.c.core.ContainerBase.[Tomcat].[localhost].[/] - Initializing Spring embedded WebApplicationContext
2025-12-26 10:16:49.788 [main] INFO  o.s.b.w.s.c.ServletWebServerApplicationContext - Root WebApplicationContext: initialization completed in 899 ms
2025-12-26 10:16:50.071 [main] INFO  c.w.s.config.OssConfiguration - 开始创建阿里云文件上传工具类对象：AliOssProperties(endpoint=oss-cn-beijing.aliyuncs.com, accessKeyId=LTAI5tEUyi76UvK181VRECDu, accessKeySecret=nF60yJIplDFqNmtdRxgnyX6R773tC2, bucketName=shcoolsystem)
2025-12-26 10:16:50.195 [main] INFO  c.w.s.config.WebMvcConfig - 开始进行拦截器配置
2025-12-26 10:16:50.403 [main] INFO  org.apache.coyote.http11.Http11NioProtocol - Starting ProtocolHandler ["http-nio-8081"]
2025-12-26 10:16:50.420 [main] INFO  o.s.boot.web.embedded.tomcat.TomcatWebServer - Tomcat started on port(s): 8081 (http) with context path ''
2025-12-26 10:16:50.426 [main] INFO  c.w.s.SchoolBackgroundServiceSystemApplication - Started SchoolBackgroundServiceSystemApplication in 1.86 seconds (JVM running for 2.449)
2025-12-26 10:16:55.497 [http-nio-8081-exec-1] INFO  o.a.c.core.ContainerBase.[Tomcat].[localhost].[/] - Initializing Spring DispatcherServlet 'dispatcherServlet'
2025-12-26 10:16:55.497 [http-nio-8081-exec-1] INFO  org.springframework.web.servlet.DispatcherServlet - Initializing Servlet 'dispatcherServlet'
2025-12-26 10:16:55.498 [http-nio-8081-exec-1] INFO  org.springframework.web.servlet.DispatcherServlet - Completed initialization in 1 ms
2025-12-26 10:16:55.768 [http-nio-8081-exec-5] INFO  c.w.s.interceptor.JwtTokenUserInterceptor - 用户已登录，token:Bearer eyJhbGciOiJIUzI1NiJ9.eyJpZCI6MTQsImV4cCI6MTgzODY1NDE5M30.va5OJ3b0EefprRMlsbn9_lLjTJGhJcQObUIMiGUOEHI
2025-12-26 10:16:55.768 [http-nio-8081-exec-6] INFO  c.w.s.interceptor.JwtTokenUserInterceptor - 用户已登录，token:Bearer eyJhbGciOiJIUzI1NiJ9.eyJpZCI6MTQsImV4cCI6MTgzODY1NDE5M30.va5OJ3b0EefprRMlsbn9_lLjTJGhJcQObUIMiGUOEHI
2025-12-26 10:16:55.769 [http-nio-8081-exec-5] INFO  c.w.s.interceptor.JwtTokenUserInterceptor - jwt校验:eyJhbGciOiJIUzI1NiJ9.eyJpZCI6MTQsImV4cCI6MTgzODY1NDE5M30.va5OJ3b0EefprRMlsbn9_lLjTJGhJcQObUIMiGUOEHI
2025-12-26 10:16:55.769 [http-nio-8081-exec-6] INFO  c.w.s.interceptor.JwtTokenUserInterceptor - jwt校验:eyJhbGciOiJIUzI1NiJ9.eyJpZCI6MTQsImV4cCI6MTgzODY1NDE5M30.va5OJ3b0EefprRMlsbn9_lLjTJGhJcQObUIMiGUOEHI
2025-12-26 10:16:55.768 [http-nio-8081-exec-7] INFO  c.w.s.interceptor.JwtTokenUserInterceptor - 用户已登录，token:Bearer eyJhbGciOiJIUzI1NiJ9.eyJpZCI6MTQsImV4cCI6MTgzODY1NDE5M30.va5OJ3b0EefprRMlsbn9_lLjTJGhJcQObUIMiGUOEHI
2025-12-26 10:16:55.769 [http-nio-8081-exec-7] INFO  c.w.s.interceptor.JwtTokenUserInterceptor - jwt校验:eyJhbGciOiJIUzI1NiJ9.eyJpZCI6MTQsImV4cCI6MTgzODY1NDE5M30.va5OJ3b0EefprRMlsbn9_lLjTJGhJcQObUIMiGUOEHI
2025-12-26 10:16:55.849 [http-nio-8081-exec-7] INFO  c.w.s.interceptor.JwtTokenUserInterceptor - jwt校验成功:{id=14, exp=1838654193}
2025-12-26 10:16:55.849 [http-nio-8081-exec-6] INFO  c.w.s.interceptor.JwtTokenUserInterceptor - jwt校验成功:{id=14, exp=1838654193}
2025-12-26 10:16:55.850 [http-nio-8081-exec-5] INFO  c.w.s.interceptor.JwtTokenUserInterceptor - jwt校验成功:{id=14, exp=1838654193}
2025-12-26 10:16:55.885 [http-nio-8081-exec-6] INFO  com.zaxxer.hikari.HikariDataSource - HikariPool-1 - Starting...
2025-12-26 10:16:56.039 [http-nio-8081-exec-6] INFO  com.zaxxer.hikari.HikariDataSource - HikariPool-1 - Start completed.
2025-12-26 10:16:56.079 [http-nio-8081-exec-7] INFO  c.w.s.service.Impl.NotificationServiceImpl - 获得用户权限,0
2025-12-26 10:16:56.079 [http-nio-8081-exec-5] INFO  c.w.s.service.Impl.UserServiceImpl - 用户信息：User(userId=14, username=lzjlzj, password=123456, nickname=林同学很帅气, avatarUrl=https://shcoolsystem.oss-cn-beijing.aliyuncs.com/20123b68-2b40-4703-bdae-34cdbe24d3ce.webp, permission=0, registeredTime=2025-12-25T10:28:43, updatedTime=2025-12-25T10:34:37, studentNumber=202212060116)
2025-12-26 10:16:56.082 [http-nio-8081-exec-6] INFO  c.w.s.service.Impl.UserServiceImpl - 反馈单,[ApplicationForm(id=34, title=意见反馈, content=部分专业课程内容更新滞后，未能及时反映行业最新发展与技术变革。跨学科选修课数量不足，选择有限，难以满足复合型人才培养需求。, status=0, createdTime=2025-12-23 23:39:53, updatedTime=null, type=1), ApplicationForm(id=39, title=意见反馈, content=设立创业基金、提供创业孵化空间和法律咨询，举办高质量的创业大赛。, status=0, createdTime=2025-12-25 09:46:02, updatedTime=null, type=1), ApplicationForm(id=41, title=意见反馈, content=开展季节性主题活动：如“校园观鸟导览”、“春季赏花地图”、“秋季落叶艺术创作”，让绿化成为校园文化的一部分。, status=0, createdTime=2025-12-25 10:56:22, updatedTime=null, type=1)]
2025-12-26 10:16:56.085 [http-nio-8081-exec-6] INFO  c.w.s.service.Impl.UserServiceImpl - 申请表,[ApplicationForm(id=17, title=宿舍调换, content=宿舍老是有人打游戏吵别人睡觉，很吵很吵，要的抑郁症了, status=2, createdTime=2025-12-25 10:44:11, updatedTime=2025-12-25 10:44:11, type=2), ApplicationForm(id=18, title=宿舍调换, content=协商不了，真的好吵, status=1, createdTime=2025-12-25 10:47:53, updatedTime=2025-12-25 10:47:53, type=2), ApplicationForm(id=19, title=宿舍调换, content=这个宿舍也吵得要命, status=0, createdTime=2025-12-25 10:48:38, updatedTime=2025-12-25 10:48:38, type=2)]
2025-12-26 10:17:05.456 [http-nio-8081-exec-1] INFO  c.w.s.controller.user.UserController - 生成的验证码为:RGNJ
2025-12-26 10:17:54.744 [http-nio-8081-exec-4] INFO  c.w.s.service.Impl.UserServiceImpl - 用户登录信息：User(userId=15, username=cocococo, password=123456, nickname=test, avatarUrl=null, permission=0, registeredTime=2025-12-26T10:17:44, updatedTime=2025-12-26T10:17:44, studentNumber=202212060111)
2025-12-26 10:17:54.745 [http-nio-8081-exec-4] INFO  c.w.s.service.Impl.UserServiceImpl - claims:{id=15}
2025-12-26 10:17:54.826 [http-nio-8081-exec-8] INFO  c.w.s.interceptor.JwtTokenUserInterceptor - 用户已登录，token:Bearer eyJhbGciOiJIUzI1NiJ9.eyJpZCI6MTUsImV4cCI6MTgzODcxNTQ3NH0.fdBEbeHgp3eqW7dRIgkgFNWIWaonVgU5KOld3MJyJmM
2025-12-26 10:17:54.826 [http-nio-8081-exec-5] INFO  c.w.s.interceptor.JwtTokenUserInterceptor - 用户已登录，token:Bearer eyJhbGciOiJIUzI1NiJ9.eyJpZCI6MTUsImV4cCI6MTgzODcxNTQ3NH0.fdBEbeHgp3eqW7dRIgkgFNWIWaonVgU5KOld3MJyJmM
2025-12-26 10:17:54.826 [http-nio-8081-exec-6] INFO  c.w.s.interceptor.JwtTokenUserInterceptor - 用户已登录，token:Bearer eyJhbGciOiJIUzI1NiJ9.eyJpZCI6MTUsImV4cCI6MTgzODcxNTQ3NH0.fdBEbeHgp3eqW7dRIgkgFNWIWaonVgU5KOld3MJyJmM
2025-12-26 10:17:54.826 [http-nio-8081-exec-5] INFO  c.w.s.interceptor.JwtTokenUserInterceptor - jwt校验:eyJhbGciOiJIUzI1NiJ9.eyJpZCI6MTUsImV4cCI6MTgzODcxNTQ3NH0.fdBEbeHgp3eqW7dRIgkgFNWIWaonVgU5KOld3MJyJmM
2025-12-26 10:17:54.826 [http-nio-8081-exec-8] INFO  c.w.s.interceptor.JwtTokenUserInterceptor - jwt校验:eyJhbGciOiJIUzI1NiJ9.eyJpZCI6MTUsImV4cCI6MTgzODcxNTQ3NH0.fdBEbeHgp3eqW7dRIgkgFNWIWaonVgU5KOld3MJyJmM
2025-12-26 10:17:54.826 [http-nio-8081-exec-6] INFO  c.w.s.interceptor.JwtTokenUserInterceptor - jwt校验:eyJhbGciOiJIUzI1NiJ9.eyJpZCI6MTUsImV4cCI6MTgzODcxNTQ3NH0.fdBEbeHgp3eqW7dRIgkgFNWIWaonVgU5KOld3MJyJmM
2025-12-26 10:17:54.827 [http-nio-8081-exec-6] INFO  c.w.s.interceptor.JwtTokenUserInterceptor - jwt校验成功:{id=15, exp=1838715474}
2025-12-26 10:17:54.827 [http-nio-8081-exec-5] INFO  c.w.s.interceptor.JwtTokenUserInterceptor - jwt校验成功:{id=15, exp=1838715474}
2025-12-26 10:17:54.827 [http-nio-8081-exec-8] INFO  c.w.s.interceptor.JwtTokenUserInterceptor - jwt校验成功:{id=15, exp=1838715474}
2025-12-26 10:17:54.829 [http-nio-8081-exec-5] INFO  c.w.s.service.Impl.NotificationServiceImpl - 获得用户权限,0
2025-12-26 10:17:54.829 [http-nio-8081-exec-8] INFO  c.w.s.service.Impl.UserServiceImpl - 用户信息：User(userId=15, username=cocococo, password=123456, nickname=test, avatarUrl=null, permission=0, registeredTime=2025-12-26T10:17:44, updatedTime=2025-12-26T10:17:44, studentNumber=202212060111)
2025-12-26 10:17:54.829 [http-nio-8081-exec-6] INFO  c.w.s.service.Impl.UserServiceImpl - 反馈单,[]
2025-12-26 10:17:54.830 [http-nio-8081-exec-6] INFO  c.w.s.service.Impl.UserServiceImpl - 申请表,[]
2025-12-26 10:18:04.175 [http-nio-8081-exec-9] INFO  c.w.s.service.Impl.UserServiceImpl - 用户登录信息：User(userId=14, username=lzjlzj, password=123456, nickname=林同学很帅气, avatarUrl=https://shcoolsystem.oss-cn-beijing.aliyuncs.com/20123b68-2b40-4703-bdae-34cdbe24d3ce.webp, permission=0, registeredTime=2025-12-25T10:28:43, updatedTime=2025-12-25T10:34:37, studentNumber=202212060116)
2025-12-26 10:18:04.175 [http-nio-8081-exec-9] INFO  c.w.s.service.Impl.UserServiceImpl - claims:{id=14}
2025-12-26 10:18:04.239 [http-nio-8081-exec-2] INFO  c.w.s.interceptor.JwtTokenUserInterceptor - 用户已登录，token:Bearer eyJhbGciOiJIUzI1NiJ9.eyJpZCI6MTQsImV4cCI6MTgzODcxNTQ4NH0.lCFjpYmGQ88kl1nmiQNqNhCr4Ll_V7FABFXHHhkY1tw
2025-12-26 10:18:04.239 [http-nio-8081-exec-10] INFO  c.w.s.interceptor.JwtTokenUserInterceptor - 用户已登录，token:Bearer eyJhbGciOiJIUzI1NiJ9.eyJpZCI6MTQsImV4cCI6MTgzODcxNTQ4NH0.lCFjpYmGQ88kl1nmiQNqNhCr4Ll_V7FABFXHHhkY1tw
2025-12-26 10:18:04.239 [http-nio-8081-exec-2] INFO  c.w.s.interceptor.JwtTokenUserInterceptor - jwt校验:eyJhbGciOiJIUzI1NiJ9.eyJpZCI6MTQsImV4cCI6MTgzODcxNTQ4NH0.lCFjpYmGQ88kl1nmiQNqNhCr4Ll_V7FABFXHHhkY1tw
2025-12-26 10:18:04.239 [http-nio-8081-exec-1] INFO  c.w.s.interceptor.JwtTokenUserInterceptor - 用户已登录，token:Bearer eyJhbGciOiJIUzI1NiJ9.eyJpZCI6MTQsImV4cCI6MTgzODcxNTQ4NH0.lCFjpYmGQ88kl1nmiQNqNhCr4Ll_V7FABFXHHhkY1tw
2025-12-26 10:18:04.239 [http-nio-8081-exec-10] INFO  c.w.s.interceptor.JwtTokenUserInterceptor - jwt校验:eyJhbGciOiJIUzI1NiJ9.eyJpZCI6MTQsImV4cCI6MTgzODcxNTQ4NH0.lCFjpYmGQ88kl1nmiQNqNhCr4Ll_V7FABFXHHhkY1tw
2025-12-26 10:18:04.239 [http-nio-8081-exec-1] INFO  c.w.s.interceptor.JwtTokenUserInterceptor - jwt校验:eyJhbGciOiJIUzI1NiJ9.eyJpZCI6MTQsImV4cCI6MTgzODcxNTQ4NH0.lCFjpYmGQ88kl1nmiQNqNhCr4Ll_V7FABFXHHhkY1tw
2025-12-26 10:18:04.239 [http-nio-8081-exec-2] INFO  c.w.s.interceptor.JwtTokenUserInterceptor - jwt校验成功:{id=14, exp=1838715484}
2025-12-26 10:18:04.239 [http-nio-8081-exec-10] INFO  c.w.s.interceptor.JwtTokenUserInterceptor - jwt校验成功:{id=14, exp=1838715484}
2025-12-26 10:18:04.239 [http-nio-8081-exec-1] INFO  c.w.s.interceptor.JwtTokenUserInterceptor - jwt校验成功:{id=14, exp=1838715484}
2025-12-26 10:18:04.240 [http-nio-8081-exec-10] INFO  c.w.s.service.Impl.UserServiceImpl - 用户信息：User(userId=14, username=lzjlzj, password=123456, nickname=林同学很帅气, avatarUrl=https://shcoolsystem.oss-cn-beijing.aliyuncs.com/20123b68-2b40-4703-bdae-34cdbe24d3ce.webp, permission=0, registeredTime=2025-12-25T10:28:43, updatedTime=2025-12-25T10:34:37, studentNumber=202212060116)
2025-12-26 10:18:04.242 [http-nio-8081-exec-2] INFO  c.w.s.service.Impl.NotificationServiceImpl - 获得用户权限,0
2025-12-26 10:18:04.244 [http-nio-8081-exec-1] INFO  c.w.s.service.Impl.UserServiceImpl - 反馈单,[ApplicationForm(id=34, title=意见反馈, content=部分专业课程内容更新滞后，未能及时反映行业最新发展与技术变革。跨学科选修课数量不足，选择有限，难以满足复合型人才培养需求。, status=0, createdTime=2025-12-23 23:39:53, updatedTime=null, type=1), ApplicationForm(id=39, title=意见反馈, content=设立创业基金、提供创业孵化空间和法律咨询，举办高质量的创业大赛。, status=0, createdTime=2025-12-25 09:46:02, updatedTime=null, type=1), ApplicationForm(id=41, title=意见反馈, content=开展季节性主题活动：如“校园观鸟导览”、“春季赏花地图”、“秋季落叶艺术创作”，让绿化成为校园文化的一部分。, status=0, createdTime=2025-12-25 10:56:22, updatedTime=null, type=1)]
2025-12-26 10:18:04.246 [http-nio-8081-exec-1] INFO  c.w.s.service.Impl.UserServiceImpl - 申请表,[ApplicationForm(id=17, title=宿舍调换, content=宿舍老是有人打游戏吵别人睡觉，很吵很吵，要的抑郁症了, status=2, createdTime=2025-12-25 10:44:11, updatedTime=2025-12-25 10:44:11, type=2), ApplicationForm(id=18, title=宿舍调换, content=协商不了，真的好吵, status=1, createdTime=2025-12-25 10:47:53, updatedTime=2025-12-25 10:47:53, type=2), ApplicationForm(id=19, title=宿舍调换, content=这个宿舍也吵得要命, status=0, createdTime=2025-12-25 10:48:38, updatedTime=2025-12-25 10:48:38, type=2)]
2025-12-26 10:18:10.300 [http-nio-8081-exec-6] INFO  c.w.s.interceptor.JwtTokenUserInterceptor - 用户已登录，token:Bearer eyJhbGciOiJIUzI1NiJ9.eyJpZCI6MTQsImV4cCI6MTgzODcxNTQ4NH0.lCFjpYmGQ88kl1nmiQNqNhCr4Ll_V7FABFXHHhkY1tw
2025-12-26 10:18:10.300 [http-nio-8081-exec-6] INFO  c.w.s.interceptor.JwtTokenUserInterceptor - jwt校验:eyJhbGciOiJIUzI1NiJ9.eyJpZCI6MTQsImV4cCI6MTgzODcxNTQ4NH0.lCFjpYmGQ88kl1nmiQNqNhCr4Ll_V7FABFXHHhkY1tw
2025-12-26 10:18:10.300 [http-nio-8081-exec-6] INFO  c.w.s.interceptor.JwtTokenUserInterceptor - jwt校验成功:{id=14, exp=1838715484}
2025-12-26 10:18:10.303 [http-nio-8081-exec-6] INFO  c.w.s.service.Impl.UserServiceImpl - 用户信息：User(userId=14, username=lzjlzj, password=123456, nickname=林同学很帅气, avatarUrl=https://shcoolsystem.oss-cn-beijing.aliyuncs.com/20123b68-2b40-4703-bdae-34cdbe24d3ce.webp, permission=0, registeredTime=2025-12-25T10:28:43, updatedTime=2025-12-25T10:34:37, studentNumber=202212060116)
2025-12-26 10:18:29.759 [http-nio-8081-exec-8] INFO  c.w.s.interceptor.JwtTokenUserInterceptor - 用户已登录，token:Bearer eyJhbGciOiJIUzI1NiJ9.eyJpZCI6MTQsImV4cCI6MTgzODcxNTQ4NH0.lCFjpYmGQ88kl1nmiQNqNhCr4Ll_V7FABFXHHhkY1tw
2025-12-26 10:18:29.760 [http-nio-8081-exec-8] INFO  c.w.s.interceptor.JwtTokenUserInterceptor - jwt校验:eyJhbGciOiJIUzI1NiJ9.eyJpZCI6MTQsImV4cCI6MTgzODcxNTQ4NH0.lCFjpYmGQ88kl1nmiQNqNhCr4Ll_V7FABFXHHhkY1tw
2025-12-26 10:18:29.761 [http-nio-8081-exec-8] INFO  c.w.s.interceptor.JwtTokenUserInterceptor - jwt校验成功:{id=14, exp=1838715484}
2025-12-26 10:18:29.768 [http-nio-8081-exec-8] INFO  c.w.s.controller.user.RepairsController - 上传的图片数量为:1
2025-12-26 10:18:29.768 [http-nio-8081-exec-8] INFO  c.w.s.controller.user.RepairsController - 提交预约时间,2025-12-26T10:182025-12-28T10:18
2025-12-26 10:18:29.769 [http-nio-8081-exec-8] INFO  c.w.s.service.Impl.RepairsServiceImpl - 图片数组20241028210426.jpg
2025-12-26 10:18:30.193 [http-nio-8081-exec-8] INFO  c.w.s.utils.AliOssUtil - 文件上传到:https://shcoolsystem.oss-cn-beijing.aliyuncs.com/e0952828-26a5-4dc9-bd2a-32e02f15906d.jpg
2025-12-26 10:18:30.193 [http-nio-8081-exec-8] INFO  c.w.s.service.Impl.RepairsServiceImpl - 图片字符串https://shcoolsystem.oss-cn-beijing.aliyuncs.com/e0952828-26a5-4dc9-bd2a-32e02f15906d.jpg
2025-12-26 10:18:34.759 [http-nio-8081-exec-9] INFO  c.w.s.interceptor.JwtTokenUserInterceptor - 用户已登录，token:Bearer eyJhbGciOiJIUzI1NiJ9.eyJpZCI6MTQsImV4cCI6MTgzODcxNTQ4NH0.lCFjpYmGQ88kl1nmiQNqNhCr4Ll_V7FABFXHHhkY1tw
2025-12-26 10:18:34.759 [http-nio-8081-exec-7] INFO  c.w.s.interceptor.JwtTokenUserInterceptor - 用户已登录，token:Bearer eyJhbGciOiJIUzI1NiJ9.eyJpZCI6MTQsImV4cCI6MTgzODcxNTQ4NH0.lCFjpYmGQ88kl1nmiQNqNhCr4Ll_V7FABFXHHhkY1tw
2025-12-26 10:18:34.759 [http-nio-8081-exec-10] INFO  c.w.s.interceptor.JwtTokenUserInterceptor - 用户已登录，token:Bearer eyJhbGciOiJIUzI1NiJ9.eyJpZCI6MTQsImV4cCI6MTgzODcxNTQ4NH0.lCFjpYmGQ88kl1nmiQNqNhCr4Ll_V7FABFXHHhkY1tw
2025-12-26 10:18:34.759 [http-nio-8081-exec-9] INFO  c.w.s.interceptor.JwtTokenUserInterceptor - jwt校验:eyJhbGciOiJIUzI1NiJ9.eyJpZCI6MTQsImV4cCI6MTgzODcxNTQ4NH0.lCFjpYmGQ88kl1nmiQNqNhCr4Ll_V7FABFXHHhkY1tw
2025-12-26 10:18:34.759 [http-nio-8081-exec-7] INFO  c.w.s.interceptor.JwtTokenUserInterceptor - jwt校验:eyJhbGciOiJIUzI1NiJ9.eyJpZCI6MTQsImV4cCI6MTgzODcxNTQ4NH0.lCFjpYmGQ88kl1nmiQNqNhCr4Ll_V7FABFXHHhkY1tw
2025-12-26 10:18:34.759 [http-nio-8081-exec-10] INFO  c.w.s.interceptor.JwtTokenUserInterceptor - jwt校验:eyJhbGciOiJIUzI1NiJ9.eyJpZCI6MTQsImV4cCI6MTgzODcxNTQ4NH0.lCFjpYmGQ88kl1nmiQNqNhCr4Ll_V7FABFXHHhkY1tw
2025-12-26 10:18:34.759 [http-nio-8081-exec-1] INFO  c.w.s.interceptor.JwtTokenUserInterceptor - 用户已登录，token:Bearer eyJhbGciOiJIUzI1NiJ9.eyJpZCI6MTQsImV4cCI6MTgzODcxNTQ4NH0.lCFjpYmGQ88kl1nmiQNqNhCr4Ll_V7FABFXHHhkY1tw
2025-12-26 10:18:34.759 [http-nio-8081-exec-1] INFO  c.w.s.interceptor.JwtTokenUserInterceptor - jwt校验:eyJhbGciOiJIUzI1NiJ9.eyJpZCI6MTQsImV4cCI6MTgzODcxNTQ4NH0.lCFjpYmGQ88kl1nmiQNqNhCr4Ll_V7FABFXHHhkY1tw
2025-12-26 10:18:34.759 [http-nio-8081-exec-1] INFO  c.w.s.interceptor.JwtTokenUserInterceptor - jwt校验成功:{id=14, exp=1838715484}
2025-12-26 10:18:34.759 [http-nio-8081-exec-7] INFO  c.w.s.interceptor.JwtTokenUserInterceptor - jwt校验成功:{id=14, exp=1838715484}
2025-12-26 10:18:34.759 [http-nio-8081-exec-9] INFO  c.w.s.interceptor.JwtTokenUserInterceptor - jwt校验成功:{id=14, exp=1838715484}
2025-12-26 10:18:34.759 [http-nio-8081-exec-10] INFO  c.w.s.interceptor.JwtTokenUserInterceptor - jwt校验成功:{id=14, exp=1838715484}
2025-12-26 10:18:34.761 [http-nio-8081-exec-7] INFO  c.w.s.service.Impl.UserServiceImpl - 用户信息：User(userId=14, username=lzjlzj, password=123456, nickname=林同学很帅气, avatarUrl=https://shcoolsystem.oss-cn-beijing.aliyuncs.com/20123b68-2b40-4703-bdae-34cdbe24d3ce.webp, permission=0, registeredTime=2025-12-25T10:28:43, updatedTime=2025-12-25T10:34:37, studentNumber=202212060116)
2025-12-26 10:18:34.765 [http-nio-8081-exec-1] INFO  c.w.s.controller.user.LostAndFoundController - 获取失物招领列表,
2025-12-26 10:18:37.143 [http-nio-8081-exec-2] INFO  c.w.s.interceptor.JwtTokenUserInterceptor - 用户已登录，token:Bearer eyJhbGciOiJIUzI1NiJ9.eyJpZCI6MTQsImV4cCI6MTgzODcxNTQ4NH0.lCFjpYmGQ88kl1nmiQNqNhCr4Ll_V7FABFXHHhkY1tw
2025-12-26 10:18:37.143 [http-nio-8081-exec-2] INFO  c.w.s.interceptor.JwtTokenUserInterceptor - jwt校验:eyJhbGciOiJIUzI1NiJ9.eyJpZCI6MTQsImV4cCI6MTgzODcxNTQ4NH0.lCFjpYmGQ88kl1nmiQNqNhCr4Ll_V7FABFXHHhkY1tw
2025-12-26 10:18:37.143 [http-nio-8081-exec-2] INFO  c.w.s.interceptor.JwtTokenUserInterceptor - jwt校验成功:{id=14, exp=1838715484}
2025-12-26 10:18:37.144 [http-nio-8081-exec-2] INFO  c.w.s.controller.user.LostAndFoundController - 获取失物招领列表,
2025-12-26 10:18:37.323 [http-nio-8081-exec-3] INFO  c.w.s.interceptor.JwtTokenUserInterceptor - 用户已登录，token:Bearer eyJhbGciOiJIUzI1NiJ9.eyJpZCI6MTQsImV4cCI6MTgzODcxNTQ4NH0.lCFjpYmGQ88kl1nmiQNqNhCr4Ll_V7FABFXHHhkY1tw
2025-12-26 10:18:37.324 [http-nio-8081-exec-3] INFO  c.w.s.interceptor.JwtTokenUserInterceptor - jwt校验:eyJhbGciOiJIUzI1NiJ9.eyJpZCI6MTQsImV4cCI6MTgzODcxNTQ4NH0.lCFjpYmGQ88kl1nmiQNqNhCr4Ll_V7FABFXHHhkY1tw
2025-12-26 10:18:37.324 [http-nio-8081-exec-3] INFO  c.w.s.interceptor.JwtTokenUserInterceptor - jwt校验成功:{id=14, exp=1838715484}
2025-12-26 10:18:40.650 [http-nio-8081-exec-4] INFO  c.w.s.interceptor.JwtTokenUserInterceptor - 用户已登录，token:Bearer eyJhbGciOiJIUzI1NiJ9.eyJpZCI6MTQsImV4cCI6MTgzODcxNTQ4NH0.lCFjpYmGQ88kl1nmiQNqNhCr4Ll_V7FABFXHHhkY1tw
2025-12-26 10:18:40.650 [http-nio-8081-exec-4] INFO  c.w.s.interceptor.JwtTokenUserInterceptor - jwt校验:eyJhbGciOiJIUzI1NiJ9.eyJpZCI6MTQsImV4cCI6MTgzODcxNTQ4NH0.lCFjpYmGQ88kl1nmiQNqNhCr4Ll_V7FABFXHHhkY1tw
2025-12-26 10:18:40.651 [http-nio-8081-exec-4] INFO  c.w.s.interceptor.JwtTokenUserInterceptor - jwt校验成功:{id=14, exp=1838715484}
2025-12-26 10:18:40.651 [http-nio-8081-exec-4] INFO  c.w.s.controller.user.LostAndFoundController - 获取失物招领列表,
2025-12-26 10:18:42.399 [http-nio-8081-exec-6] INFO  c.w.s.interceptor.JwtTokenUserInterceptor - 用户已登录，token:Bearer eyJhbGciOiJIUzI1NiJ9.eyJpZCI6MTQsImV4cCI6MTgzODcxNTQ4NH0.lCFjpYmGQ88kl1nmiQNqNhCr4Ll_V7FABFXHHhkY1tw
2025-12-26 10:18:42.399 [http-nio-8081-exec-6] INFO  c.w.s.interceptor.JwtTokenUserInterceptor - jwt校验:eyJhbGciOiJIUzI1NiJ9.eyJpZCI6MTQsImV4cCI6MTgzODcxNTQ4NH0.lCFjpYmGQ88kl1nmiQNqNhCr4Ll_V7FABFXHHhkY1tw
2025-12-26 10:18:42.399 [http-nio-8081-exec-6] INFO  c.w.s.interceptor.JwtTokenUserInterceptor - jwt校验成功:{id=14, exp=1838715484}
2025-12-26 10:18:42.399 [http-nio-8081-exec-6] INFO  c.w.s.controller.user.LostAndFoundController - 获取失物招领列表,
2025-12-26 10:18:45.702 [http-nio-8081-exec-8] INFO  c.w.s.interceptor.JwtTokenUserInterceptor - 用户已登录，token:Bearer eyJhbGciOiJIUzI1NiJ9.eyJpZCI6MTQsImV4cCI6MTgzODcxNTQ4NH0.lCFjpYmGQ88kl1nmiQNqNhCr4Ll_V7FABFXHHhkY1tw
2025-12-26 10:18:45.703 [http-nio-8081-exec-8] INFO  c.w.s.interceptor.JwtTokenUserInterceptor - jwt校验:eyJhbGciOiJIUzI1NiJ9.eyJpZCI6MTQsImV4cCI6MTgzODcxNTQ4NH0.lCFjpYmGQ88kl1nmiQNqNhCr4Ll_V7FABFXHHhkY1tw
2025-12-26 10:18:45.705 [http-nio-8081-exec-8] INFO  c.w.s.interceptor.JwtTokenUserInterceptor - jwt校验成功:{id=14, exp=1838715484}
2025-12-26 10:18:45.706 [http-nio-8081-exec-8] INFO  c.w.s.controller.user.LostAndFoundController - 获取失物招领列表,
2025-12-26 10:18:46.342 [http-nio-8081-exec-5] INFO  c.w.s.interceptor.JwtTokenUserInterceptor - 用户已登录，token:Bearer eyJhbGciOiJIUzI1NiJ9.eyJpZCI6MTQsImV4cCI6MTgzODcxNTQ4NH0.lCFjpYmGQ88kl1nmiQNqNhCr4Ll_V7FABFXHHhkY1tw
2025-12-26 10:18:46.342 [http-nio-8081-exec-5] INFO  c.w.s.interceptor.JwtTokenUserInterceptor - jwt校验:eyJhbGciOiJIUzI1NiJ9.eyJpZCI6MTQsImV4cCI6MTgzODcxNTQ4NH0.lCFjpYmGQ88kl1nmiQNqNhCr4Ll_V7FABFXHHhkY1tw
2025-12-26 10:18:46.342 [http-nio-8081-exec-5] INFO  c.w.s.interceptor.JwtTokenUserInterceptor - jwt校验成功:{id=14, exp=1838715484}
2025-12-26 10:18:46.343 [http-nio-8081-exec-5] INFO  c.w.s.controller.user.LostAndFoundController - 获取失物招领列表,
2025-12-26 10:18:47.165 [http-nio-8081-exec-10] INFO  c.w.s.interceptor.JwtTokenUserInterceptor - 用户已登录，token:Bearer eyJhbGciOiJIUzI1NiJ9.eyJpZCI6MTQsImV4cCI6MTgzODcxNTQ4NH0.lCFjpYmGQ88kl1nmiQNqNhCr4Ll_V7FABFXHHhkY1tw
2025-12-26 10:18:47.165 [http-nio-8081-exec-10] INFO  c.w.s.interceptor.JwtTokenUserInterceptor - jwt校验:eyJhbGciOiJIUzI1NiJ9.eyJpZCI6MTQsImV4cCI6MTgzODcxNTQ4NH0.lCFjpYmGQ88kl1nmiQNqNhCr4Ll_V7FABFXHHhkY1tw
2025-12-26 10:18:47.165 [http-nio-8081-exec-10] INFO  c.w.s.interceptor.JwtTokenUserInterceptor - jwt校验成功:{id=14, exp=1838715484}
2025-12-26 10:18:47.166 [http-nio-8081-exec-10] INFO  c.w.s.controller.user.LostAndFoundController - 获取失物招领列表,1
2025-12-26 10:18:47.548 [http-nio-8081-exec-7] INFO  c.w.s.interceptor.JwtTokenUserInterceptor - 用户已登录，token:Bearer eyJhbGciOiJIUzI1NiJ9.eyJpZCI6MTQsImV4cCI6MTgzODcxNTQ4NH0.lCFjpYmGQ88kl1nmiQNqNhCr4Ll_V7FABFXHHhkY1tw
2025-12-26 10:18:47.548 [http-nio-8081-exec-7] INFO  c.w.s.interceptor.JwtTokenUserInterceptor - jwt校验:eyJhbGciOiJIUzI1NiJ9.eyJpZCI6MTQsImV4cCI6MTgzODcxNTQ4NH0.lCFjpYmGQ88kl1nmiQNqNhCr4Ll_V7FABFXHHhkY1tw
2025-12-26 10:18:47.548 [http-nio-8081-exec-7] INFO  c.w.s.interceptor.JwtTokenUserInterceptor - jwt校验成功:{id=14, exp=1838715484}
2025-12-26 10:18:47.549 [http-nio-8081-exec-7] INFO  c.w.s.controller.user.LostAndFoundController - 获取失物招领列表,0
2025-12-26 10:18:48.524 [http-nio-8081-exec-9] INFO  c.w.s.interceptor.JwtTokenUserInterceptor - 用户已登录，token:Bearer eyJhbGciOiJIUzI1NiJ9.eyJpZCI6MTQsImV4cCI6MTgzODcxNTQ4NH0.lCFjpYmGQ88kl1nmiQNqNhCr4Ll_V7FABFXHHhkY1tw
2025-12-26 10:18:48.524 [http-nio-8081-exec-9] INFO  c.w.s.interceptor.JwtTokenUserInterceptor - jwt校验:eyJhbGciOiJIUzI1NiJ9.eyJpZCI6MTQsImV4cCI6MTgzODcxNTQ4NH0.lCFjpYmGQ88kl1nmiQNqNhCr4Ll_V7FABFXHHhkY1tw
2025-12-26 10:18:48.525 [http-nio-8081-exec-9] INFO  c.w.s.interceptor.JwtTokenUserInterceptor - jwt校验成功:{id=14, exp=1838715484}
2025-12-26 10:18:48.525 [http-nio-8081-exec-9] INFO  c.w.s.controller.user.LostAndFoundController - 获取失物招领列表,0
2025-12-26 10:18:49.196 [http-nio-8081-exec-1] INFO  c.w.s.interceptor.JwtTokenUserInterceptor - 用户已登录，token:Bearer eyJhbGciOiJIUzI1NiJ9.eyJpZCI6MTQsImV4cCI6MTgzODcxNTQ4NH0.lCFjpYmGQ88kl1nmiQNqNhCr4Ll_V7FABFXHHhkY1tw
2025-12-26 10:18:49.196 [http-nio-8081-exec-1] INFO  c.w.s.interceptor.JwtTokenUserInterceptor - jwt校验:eyJhbGciOiJIUzI1NiJ9.eyJpZCI6MTQsImV4cCI6MTgzODcxNTQ4NH0.lCFjpYmGQ88kl1nmiQNqNhCr4Ll_V7FABFXHHhkY1tw
2025-12-26 10:18:49.198 [http-nio-8081-exec-1] INFO  c.w.s.interceptor.JwtTokenUserInterceptor - jwt校验成功:{id=14, exp=1838715484}
2025-12-26 10:18:49.198 [http-nio-8081-exec-1] INFO  c.w.s.controller.user.LostAndFoundController - 获取失物招领列表,
2025-12-26 10:18:49.522 [http-nio-8081-exec-2] INFO  c.w.s.interceptor.JwtTokenUserInterceptor - 用户已登录，token:Bearer eyJhbGciOiJIUzI1NiJ9.eyJpZCI6MTQsImV4cCI6MTgzODcxNTQ4NH0.lCFjpYmGQ88kl1nmiQNqNhCr4Ll_V7FABFXHHhkY1tw
2025-12-26 10:18:49.523 [http-nio-8081-exec-2] INFO  c.w.s.interceptor.JwtTokenUserInterceptor - jwt校验:eyJhbGciOiJIUzI1NiJ9.eyJpZCI6MTQsImV4cCI6MTgzODcxNTQ4NH0.lCFjpYmGQ88kl1nmiQNqNhCr4Ll_V7FABFXHHhkY1tw
2025-12-26 10:18:49.523 [http-nio-8081-exec-2] INFO  c.w.s.interceptor.JwtTokenUserInterceptor - jwt校验成功:{id=14, exp=1838715484}
2025-12-26 10:18:49.524 [http-nio-8081-exec-2] INFO  c.w.s.controller.user.LostAndFoundController - 获取失物招领列表,
2025-12-26 10:18:51.839 [http-nio-8081-exec-4] INFO  c.w.s.interceptor.JwtTokenUserInterceptor - 用户已登录，token:Bearer eyJhbGciOiJIUzI1NiJ9.eyJpZCI6MTQsImV4cCI6MTgzODcxNTQ4NH0.lCFjpYmGQ88kl1nmiQNqNhCr4Ll_V7FABFXHHhkY1tw
2025-12-26 10:18:51.839 [http-nio-8081-exec-4] INFO  c.w.s.interceptor.JwtTokenUserInterceptor - jwt校验:eyJhbGciOiJIUzI1NiJ9.eyJpZCI6MTQsImV4cCI6MTgzODcxNTQ4NH0.lCFjpYmGQ88kl1nmiQNqNhCr4Ll_V7FABFXHHhkY1tw
2025-12-26 10:18:51.840 [http-nio-8081-exec-4] INFO  c.w.s.interceptor.JwtTokenUserInterceptor - jwt校验成功:{id=14, exp=1838715484}
2025-12-26 10:18:51.842 [http-nio-8081-exec-4] INFO  c.w.s.service.Impl.UserServiceImpl - 用户信息：User(userId=14, username=lzjlzj, password=123456, nickname=林同学很帅气, avatarUrl=https://shcoolsystem.oss-cn-beijing.aliyuncs.com/20123b68-2b40-4703-bdae-34cdbe24d3ce.webp, permission=0, registeredTime=2025-12-25T10:28:43, updatedTime=2025-12-25T10:34:37, studentNumber=202212060116)
2025-12-26 10:18:51.878 [http-nio-8081-exec-6] INFO  c.w.s.interceptor.JwtTokenUserInterceptor - 用户已登录，token:Bearer eyJhbGciOiJIUzI1NiJ9.eyJpZCI6MTQsImV4cCI6MTgzODcxNTQ4NH0.lCFjpYmGQ88kl1nmiQNqNhCr4Ll_V7FABFXHHhkY1tw
2025-12-26 10:18:51.878 [http-nio-8081-exec-6] INFO  c.w.s.interceptor.JwtTokenUserInterceptor - jwt校验:eyJhbGciOiJIUzI1NiJ9.eyJpZCI6MTQsImV4cCI6MTgzODcxNTQ4NH0.lCFjpYmGQ88kl1nmiQNqNhCr4Ll_V7FABFXHHhkY1tw
2025-12-26 10:18:51.879 [http-nio-8081-exec-6] INFO  c.w.s.interceptor.JwtTokenUserInterceptor - jwt校验成功:{id=14, exp=1838715484}
2025-12-26 10:18:59.153 [http-nio-8081-exec-8] INFO  c.w.s.interceptor.JwtTokenUserInterceptor - 用户已登录，token:Bearer eyJhbGciOiJIUzI1NiJ9.eyJpZCI6MTQsImV4cCI6MTgzODcxNTQ4NH0.lCFjpYmGQ88kl1nmiQNqNhCr4Ll_V7FABFXHHhkY1tw
2025-12-26 10:18:59.154 [http-nio-8081-exec-8] INFO  c.w.s.interceptor.JwtTokenUserInterceptor - jwt校验:eyJhbGciOiJIUzI1NiJ9.eyJpZCI6MTQsImV4cCI6MTgzODcxNTQ4NH0.lCFjpYmGQ88kl1nmiQNqNhCr4Ll_V7FABFXHHhkY1tw
2025-12-26 10:18:59.154 [http-nio-8081-exec-8] INFO  c.w.s.interceptor.JwtTokenUserInterceptor - jwt校验成功:{id=14, exp=1838715484}
2025-12-26 10:19:00.550 [http-nio-8081-exec-5] INFO  c.w.s.interceptor.JwtTokenUserInterceptor - 用户已登录，token:Bearer eyJhbGciOiJIUzI1NiJ9.eyJpZCI6MTQsImV4cCI6MTgzODcxNTQ4NH0.lCFjpYmGQ88kl1nmiQNqNhCr4Ll_V7FABFXHHhkY1tw
2025-12-26 10:19:00.550 [http-nio-8081-exec-5] INFO  c.w.s.interceptor.JwtTokenUserInterceptor - jwt校验:eyJhbGciOiJIUzI1NiJ9.eyJpZCI6MTQsImV4cCI6MTgzODcxNTQ4NH0.lCFjpYmGQ88kl1nmiQNqNhCr4Ll_V7FABFXHHhkY1tw
2025-12-26 10:19:00.550 [http-nio-8081-exec-5] INFO  c.w.s.interceptor.JwtTokenUserInterceptor - jwt校验成功:{id=14, exp=1838715484}
2025-12-26 10:19:17.529 [http-nio-8081-exec-10] INFO  c.w.s.interceptor.JwtTokenUserInterceptor - 用户已登录，token:Bearer eyJhbGciOiJIUzI1NiJ9.eyJpZCI6MTQsImV4cCI6MTgzODcxNTQ4NH0.lCFjpYmGQ88kl1nmiQNqNhCr4Ll_V7FABFXHHhkY1tw
2025-12-26 10:19:17.529 [http-nio-8081-exec-10] INFO  c.w.s.interceptor.JwtTokenUserInterceptor - jwt校验:eyJhbGciOiJIUzI1NiJ9.eyJpZCI6MTQsImV4cCI6MTgzODcxNTQ4NH0.lCFjpYmGQ88kl1nmiQNqNhCr4Ll_V7FABFXHHhkY1tw
2025-12-26 10:19:17.529 [http-nio-8081-exec-10] INFO  c.w.s.interceptor.JwtTokenUserInterceptor - jwt校验成功:{id=14, exp=1838715484}
2025-12-26 10:19:23.534 [http-nio-8081-exec-1] INFO  c.w.s.interceptor.JwtTokenUserInterceptor - 用户已登录，token:Bearer eyJhbGciOiJIUzI1NiJ9.eyJpZCI6MTQsImV4cCI6MTgzODcxNTQ4NH0.lCFjpYmGQ88kl1nmiQNqNhCr4Ll_V7FABFXHHhkY1tw
2025-12-26 10:19:23.534 [http-nio-8081-exec-1] INFO  c.w.s.interceptor.JwtTokenUserInterceptor - jwt校验:eyJhbGciOiJIUzI1NiJ9.eyJpZCI6MTQsImV4cCI6MTgzODcxNTQ4NH0.lCFjpYmGQ88kl1nmiQNqNhCr4Ll_V7FABFXHHhkY1tw
2025-12-26 10:19:23.535 [http-nio-8081-exec-9] INFO  c.w.s.interceptor.JwtTokenUserInterceptor - 用户已登录，token:Bearer eyJhbGciOiJIUzI1NiJ9.eyJpZCI6MTQsImV4cCI6MTgzODcxNTQ4NH0.lCFjpYmGQ88kl1nmiQNqNhCr4Ll_V7FABFXHHhkY1tw
2025-12-26 10:19:23.535 [http-nio-8081-exec-9] INFO  c.w.s.interceptor.JwtTokenUserInterceptor - jwt校验:eyJhbGciOiJIUzI1NiJ9.eyJpZCI6MTQsImV4cCI6MTgzODcxNTQ4NH0.lCFjpYmGQ88kl1nmiQNqNhCr4Ll_V7FABFXHHhkY1tw
2025-12-26 10:19:23.535 [http-nio-8081-exec-1] INFO  c.w.s.interceptor.JwtTokenUserInterceptor - jwt校验成功:{id=14, exp=1838715484}
2025-12-26 10:19:23.536 [http-nio-8081-exec-9] INFO  c.w.s.interceptor.JwtTokenUserInterceptor - jwt校验成功:{id=14, exp=1838715484}
2025-12-26 10:19:23.538 [http-nio-8081-exec-1] INFO  c.w.s.service.Impl.NotificationServiceImpl - 获得用户权限,0
2025-12-26 10:19:23.538 [http-nio-8081-exec-9] INFO  c.w.s.service.Impl.UserServiceImpl - 用户信息：User(userId=14, username=lzjlzj, password=123456, nickname=林同学很帅气, avatarUrl=https://shcoolsystem.oss-cn-beijing.aliyuncs.com/20123b68-2b40-4703-bdae-34cdbe24d3ce.webp, permission=0, registeredTime=2025-12-25T10:28:43, updatedTime=2025-12-25T10:34:37, studentNumber=202212060116)
2025-12-26 10:19:24.625 [http-nio-8081-exec-3] INFO  c.w.s.interceptor.JwtTokenUserInterceptor - 用户已登录，token:Bearer eyJhbGciOiJIUzI1NiJ9.eyJpZCI6MTQsImV4cCI6MTgzODcxNTQ4NH0.lCFjpYmGQ88kl1nmiQNqNhCr4Ll_V7FABFXHHhkY1tw
2025-12-26 10:19:24.625 [http-nio-8081-exec-4] INFO  c.w.s.interceptor.JwtTokenUserInterceptor - 用户已登录，token:Bearer eyJhbGciOiJIUzI1NiJ9.eyJpZCI6MTQsImV4cCI6MTgzODcxNTQ4NH0.lCFjpYmGQ88kl1nmiQNqNhCr4Ll_V7FABFXHHhkY1tw
2025-12-26 10:19:24.625 [http-nio-8081-exec-3] INFO  c.w.s.interceptor.JwtTokenUserInterceptor - jwt校验:eyJhbGciOiJIUzI1NiJ9.eyJpZCI6MTQsImV4cCI6MTgzODcxNTQ4NH0.lCFjpYmGQ88kl1nmiQNqNhCr4Ll_V7FABFXHHhkY1tw
2025-12-26 10:19:24.625 [http-nio-8081-exec-4] INFO  c.w.s.interceptor.JwtTokenUserInterceptor - jwt校验:eyJhbGciOiJIUzI1NiJ9.eyJpZCI6MTQsImV4cCI6MTgzODcxNTQ4NH0.lCFjpYmGQ88kl1nmiQNqNhCr4Ll_V7FABFXHHhkY1tw
2025-12-26 10:19:24.625 [http-nio-8081-exec-4] INFO  c.w.s.interceptor.JwtTokenUserInterceptor - jwt校验成功:{id=14, exp=1838715484}
2025-12-26 10:19:24.625 [http-nio-8081-exec-3] INFO  c.w.s.interceptor.JwtTokenUserInterceptor - jwt校验成功:{id=14, exp=1838715484}
2025-12-26 10:19:24.625 [http-nio-8081-exec-4] INFO  c.w.s.controller.user.NotificationController - 获取通知详情,42
2025-12-26 10:19:24.628 [http-nio-8081-exec-3] INFO  c.w.s.service.Impl.UserServiceImpl - 用户信息：User(userId=14, username=lzjlzj, password=123456, nickname=林同学很帅气, avatarUrl=https://shcoolsystem.oss-cn-beijing.aliyuncs.com/20123b68-2b40-4703-bdae-34cdbe24d3ce.webp, permission=0, registeredTime=2025-12-25T10:28:43, updatedTime=2025-12-25T10:34:37, studentNumber=202212060116)
2025-12-26 10:19:26.708 [http-nio-8081-exec-5] INFO  c.w.s.interceptor.JwtTokenUserInterceptor - 用户已登录，token:Bearer eyJhbGciOiJIUzI1NiJ9.eyJpZCI6MTQsImV4cCI6MTgzODcxNTQ4NH0.lCFjpYmGQ88kl1nmiQNqNhCr4Ll_V7FABFXHHhkY1tw
2025-12-26 10:19:26.708 [http-nio-8081-exec-5] INFO  c.w.s.interceptor.JwtTokenUserInterceptor - jwt校验:eyJhbGciOiJIUzI1NiJ9.eyJpZCI6MTQsImV4cCI6MTgzODcxNTQ4NH0.lCFjpYmGQ88kl1nmiQNqNhCr4Ll_V7FABFXHHhkY1tw
2025-12-26 10:19:26.708 [http-nio-8081-exec-8] INFO  c.w.s.interceptor.JwtTokenUserInterceptor - 用户已登录，token:Bearer eyJhbGciOiJIUzI1NiJ9.eyJpZCI6MTQsImV4cCI6MTgzODcxNTQ4NH0.lCFjpYmGQ88kl1nmiQNqNhCr4Ll_V7FABFXHHhkY1tw
2025-12-26 10:19:26.708 [http-nio-8081-exec-8] INFO  c.w.s.interceptor.JwtTokenUserInterceptor - jwt校验:eyJhbGciOiJIUzI1NiJ9.eyJpZCI6MTQsImV4cCI6MTgzODcxNTQ4NH0.lCFjpYmGQ88kl1nmiQNqNhCr4Ll_V7FABFXHHhkY1tw
2025-12-26 10:19:26.708 [http-nio-8081-exec-8] INFO  c.w.s.interceptor.JwtTokenUserInterceptor - jwt校验成功:{id=14, exp=1838715484}
2025-12-26 10:19:26.708 [http-nio-8081-exec-8] INFO  c.w.s.controller.user.NotificationController - 获取通知详情,38
2025-12-26 10:19:26.708 [http-nio-8081-exec-5] INFO  c.w.s.interceptor.JwtTokenUserInterceptor - jwt校验成功:{id=14, exp=1838715484}
2025-12-26 10:19:26.710 [http-nio-8081-exec-5] INFO  c.w.s.service.Impl.UserServiceImpl - 用户信息：User(userId=14, username=lzjlzj, password=123456, nickname=林同学很帅气, avatarUrl=https://shcoolsystem.oss-cn-beijing.aliyuncs.com/20123b68-2b40-4703-bdae-34cdbe24d3ce.webp, permission=0, registeredTime=2025-12-25T10:28:43, updatedTime=2025-12-25T10:34:37, studentNumber=202212060116)
2025-12-26 10:19:30.014 [http-nio-8081-exec-7] INFO  c.w.s.interceptor.JwtTokenUserInterceptor - 用户已登录，token:Bearer eyJhbGciOiJIUzI1NiJ9.eyJpZCI6MTQsImV4cCI6MTgzODcxNTQ4NH0.lCFjpYmGQ88kl1nmiQNqNhCr4Ll_V7FABFXHHhkY1tw
2025-12-26 10:19:30.014 [http-nio-8081-exec-7] INFO  c.w.s.interceptor.JwtTokenUserInterceptor - jwt校验:eyJhbGciOiJIUzI1NiJ9.eyJpZCI6MTQsImV4cCI6MTgzODcxNTQ4NH0.lCFjpYmGQ88kl1nmiQNqNhCr4Ll_V7FABFXHHhkY1tw
2025-12-26 10:19:30.014 [http-nio-8081-exec-7] INFO  c.w.s.interceptor.JwtTokenUserInterceptor - jwt校验成功:{id=14, exp=1838715484}
2025-12-26 10:19:30.016 [http-nio-8081-exec-7] INFO  c.w.s.service.Impl.UserServiceImpl - 用户信息：User(userId=14, username=lzjlzj, password=123456, nickname=林同学很帅气, avatarUrl=https://shcoolsystem.oss-cn-beijing.aliyuncs.com/20123b68-2b40-4703-bdae-34cdbe24d3ce.webp, permission=0, registeredTime=2025-12-25T10:28:43, updatedTime=2025-12-25T10:34:37, studentNumber=202212060116)
2025-12-26 10:19:38.297 [http-nio-8081-exec-2] INFO  c.w.s.interceptor.JwtTokenUserInterceptor - 用户已登录，token:Bearer eyJhbGciOiJIUzI1NiJ9.eyJpZCI6MTQsImV4cCI6MTgzODcxNTQ4NH0.lCFjpYmGQ88kl1nmiQNqNhCr4Ll_V7FABFXHHhkY1tw
2025-12-26 10:19:38.297 [http-nio-8081-exec-2] INFO  c.w.s.interceptor.JwtTokenUserInterceptor - jwt校验:eyJhbGciOiJIUzI1NiJ9.eyJpZCI6MTQsImV4cCI6MTgzODcxNTQ4NH0.lCFjpYmGQ88kl1nmiQNqNhCr4Ll_V7FABFXHHhkY1tw
2025-12-26 10:19:38.297 [http-nio-8081-exec-2] INFO  c.w.s.interceptor.JwtTokenUserInterceptor - jwt校验成功:{id=14, exp=1838715484}
2025-12-26 10:19:38.300 [http-nio-8081-exec-2] INFO  c.w.s.service.Impl.FeedbacksServiceImpl - 图片数组20241028210426.jpg
2025-12-26 10:19:38.470 [http-nio-8081-exec-2] INFO  c.w.s.utils.AliOssUtil - 文件上传到:https://shcoolsystem.oss-cn-beijing.aliyuncs.com/8900047c-ad18-4bb9-ac36-f503f8996b9b.jpg
2025-12-26 10:19:38.470 [http-nio-8081-exec-2] INFO  c.w.s.service.Impl.FeedbacksServiceImpl - 图片字符串https://shcoolsystem.oss-cn-beijing.aliyuncs.com/8900047c-ad18-4bb9-ac36-f503f8996b9b.jpg
2025-12-26 10:19:43.240 [http-nio-8081-exec-6] INFO  c.w.s.interceptor.JwtTokenUserInterceptor - 用户已登录，token:Bearer eyJhbGciOiJIUzI1NiJ9.eyJpZCI6MTQsImV4cCI6MTgzODcxNTQ4NH0.lCFjpYmGQ88kl1nmiQNqNhCr4Ll_V7FABFXHHhkY1tw
2025-12-26 10:19:43.240 [http-nio-8081-exec-6] INFO  c.w.s.interceptor.JwtTokenUserInterceptor - jwt校验:eyJhbGciOiJIUzI1NiJ9.eyJpZCI6MTQsImV4cCI6MTgzODcxNTQ4NH0.lCFjpYmGQ88kl1nmiQNqNhCr4Ll_V7FABFXHHhkY1tw
2025-12-26 10:19:43.241 [http-nio-8081-exec-6] INFO  c.w.s.interceptor.JwtTokenUserInterceptor - jwt校验成功:{id=14, exp=1838715484}
2025-12-26 10:19:43.243 [http-nio-8081-exec-6] INFO  c.w.s.service.Impl.UserServiceImpl - 用户信息：User(userId=14, username=lzjlzj, password=123456, nickname=林同学很帅气, avatarUrl=https://shcoolsystem.oss-cn-beijing.aliyuncs.com/20123b68-2b40-4703-bdae-34cdbe24d3ce.webp, permission=0, registeredTime=2025-12-25T10:28:43, updatedTime=2025-12-25T10:34:37, studentNumber=202212060116)
2025-12-26 10:19:43.253 [http-nio-8081-exec-4] INFO  c.w.s.controller.user.UserController - 生成的验证码为:WN85
2025-12-26 10:19:44.223 [http-nio-8081-exec-5] INFO  c.w.s.interceptor.JwtTokenUserInterceptor - 用户已登录，token:Bearer eyJhbGciOiJIUzI1NiJ9.eyJpZCI6MTQsImV4cCI6MTgzODcxNTQ4NH0.lCFjpYmGQ88kl1nmiQNqNhCr4Ll_V7FABFXHHhkY1tw
2025-12-26 10:19:44.223 [http-nio-8081-exec-5] INFO  c.w.s.interceptor.JwtTokenUserInterceptor - jwt校验:eyJhbGciOiJIUzI1NiJ9.eyJpZCI6MTQsImV4cCI6MTgzODcxNTQ4NH0.lCFjpYmGQ88kl1nmiQNqNhCr4Ll_V7FABFXHHhkY1tw
2025-12-26 10:19:44.224 [http-nio-8081-exec-5] INFO  c.w.s.interceptor.JwtTokenUserInterceptor - jwt校验成功:{id=14, exp=1838715484}
2025-12-26 10:19:47.266 [http-nio-8081-exec-8] INFO  c.w.s.interceptor.JwtTokenUserInterceptor - 用户已登录，token:Bearer eyJhbGciOiJIUzI1NiJ9.eyJpZCI6MTQsImV4cCI6MTgzODcxNTQ4NH0.lCFjpYmGQ88kl1nmiQNqNhCr4Ll_V7FABFXHHhkY1tw
2025-12-26 10:19:47.266 [http-nio-8081-exec-8] INFO  c.w.s.interceptor.JwtTokenUserInterceptor - jwt校验:eyJhbGciOiJIUzI1NiJ9.eyJpZCI6MTQsImV4cCI6MTgzODcxNTQ4NH0.lCFjpYmGQ88kl1nmiQNqNhCr4Ll_V7FABFXHHhkY1tw
2025-12-26 10:19:47.267 [http-nio-8081-exec-8] INFO  c.w.s.interceptor.JwtTokenUserInterceptor - jwt校验成功:{id=14, exp=1838715484}
2025-12-26 10:19:49.278 [http-nio-8081-exec-10] INFO  c.w.s.interceptor.JwtTokenUserInterceptor - 用户已登录，token:Bearer eyJhbGciOiJIUzI1NiJ9.eyJpZCI6MTQsImV4cCI6MTgzODcxNTQ4NH0.lCFjpYmGQ88kl1nmiQNqNhCr4Ll_V7FABFXHHhkY1tw
2025-12-26 10:19:49.278 [http-nio-8081-exec-10] INFO  c.w.s.interceptor.JwtTokenUserInterceptor - jwt校验:eyJhbGciOiJIUzI1NiJ9.eyJpZCI6MTQsImV4cCI6MTgzODcxNTQ4NH0.lCFjpYmGQ88kl1nmiQNqNhCr4Ll_V7FABFXHHhkY1tw
2025-12-26 10:19:49.278 [http-nio-8081-exec-10] INFO  c.w.s.interceptor.JwtTokenUserInterceptor - jwt校验成功:{id=14, exp=1838715484}
2025-12-26 10:20:15.436 [http-nio-8081-exec-7] INFO  c.w.s.interceptor.JwtTokenUserInterceptor - 用户已登录，token:Bearer eyJhbGciOiJIUzI1NiJ9.eyJpZCI6MTQsImV4cCI6MTgzODcxNTQ4NH0.lCFjpYmGQ88kl1nmiQNqNhCr4Ll_V7FABFXHHhkY1tw
2025-12-26 10:20:15.436 [http-nio-8081-exec-7] INFO  c.w.s.interceptor.JwtTokenUserInterceptor - jwt校验:eyJhbGciOiJIUzI1NiJ9.eyJpZCI6MTQsImV4cCI6MTgzODcxNTQ4NH0.lCFjpYmGQ88kl1nmiQNqNhCr4Ll_V7FABFXHHhkY1tw
2025-12-26 10:20:15.436 [http-nio-8081-exec-7] INFO  c.w.s.interceptor.JwtTokenUserInterceptor - jwt校验成功:{id=14, exp=1838715484}
2025-12-26 10:20:15.594 [http-nio-8081-exec-7] INFO  c.w.s.utils.AliOssUtil - 文件上传到:https://shcoolsystem.oss-cn-beijing.aliyuncs.com/36f203a4-7209-4d6b-a58d-cf6477e0f2f2.jpg
2025-12-26 10:20:16.474 [http-nio-8081-exec-2] INFO  c.w.s.interceptor.JwtTokenUserInterceptor - 用户已登录，token:Bearer eyJhbGciOiJIUzI1NiJ9.eyJpZCI6MTQsImV4cCI6MTgzODcxNTQ4NH0.lCFjpYmGQ88kl1nmiQNqNhCr4Ll_V7FABFXHHhkY1tw
2025-12-26 10:20:16.474 [http-nio-8081-exec-2] INFO  c.w.s.interceptor.JwtTokenUserInterceptor - jwt校验:eyJhbGciOiJIUzI1NiJ9.eyJpZCI6MTQsImV4cCI6MTgzODcxNTQ4NH0.lCFjpYmGQ88kl1nmiQNqNhCr4Ll_V7FABFXHHhkY1tw
2025-12-26 10:20:16.474 [http-nio-8081-exec-2] INFO  c.w.s.interceptor.JwtTokenUserInterceptor - jwt校验成功:{id=14, exp=1838715484}
2025-12-26 10:20:16.476 [http-nio-8081-exec-2] INFO  c.w.s.service.Impl.UserServiceImpl - 用户信息：User(userId=14, username=lzjlzj, password=123456, nickname=林同学很帅气, avatarUrl=https://shcoolsystem.oss-cn-beijing.aliyuncs.com/36f203a4-7209-4d6b-a58d-cf6477e0f2f2.jpg, permission=0, registeredTime=2025-12-25T10:28:43, updatedTime=2025-12-26T10:20:15, studentNumber=202212060116)
2025-12-26 10:20:16.479 [http-nio-8081-exec-9] INFO  c.w.s.controller.user.UserController - 生成的验证码为:D4AA
2025-12-26 10:20:22.132 [http-nio-8081-exec-4] INFO  c.w.s.interceptor.JwtTokenAdminInterceptor - jwt校验:eyJhbGciOiJIUzI1NiJ9.eyJleHAiOjE4Mzg2NDMzNjMsInVzZXJJZCI6MX0.sUVO6rn5MKHQk_IUHDRNOxQ8D7lq-UzQUirAGUgoHU8
2025-12-26 10:20:22.133 [http-nio-8081-exec-4] INFO  c.w.s.interceptor.JwtTokenAdminInterceptor - jwt校验成功:{exp=1838643363, userId=1}
2025-12-26 10:20:22.195 [http-nio-8081-exec-8] INFO  c.w.s.interceptor.JwtTokenAdminInterceptor - jwt校验:eyJhbGciOiJIUzI1NiJ9.eyJleHAiOjE4Mzg2NDMzNjMsInVzZXJJZCI6MX0.sUVO6rn5MKHQk_IUHDRNOxQ8D7lq-UzQUirAGUgoHU8
2025-12-26 10:20:22.195 [http-nio-8081-exec-8] INFO  c.w.s.interceptor.JwtTokenAdminInterceptor - jwt校验成功:{exp=1838643363, userId=1}
2025-12-26 10:20:30.882 [http-nio-8081-exec-10] INFO  c.w.s.service.Impl.UserServiceImpl - 用户登录信息：User(userId=1, username=admin, password=1234567, nickname=null, avatarUrl=null, permission=123456, registeredTime=2025-12-23T14:29:49, updatedTime=2025-12-25T10:26:57, studentNumber=null)
2025-12-26 10:20:30.882 [http-nio-8081-exec-10] INFO  c.w.s.service.Impl.UserServiceImpl - claims:{userId=1}
2025-12-26 10:20:30.888 [http-nio-8081-exec-7] INFO  c.w.s.interceptor.JwtTokenAdminInterceptor - jwt校验:null
2025-12-26 10:20:30.888 [http-nio-8081-exec-7] ERROR c.w.s.interceptor.JwtTokenAdminInterceptor - jwt校验失败:JWT strings must contain exactly 2 period characters. Found: 0
2025-12-26 10:20:30.949 [http-nio-8081-exec-1] INFO  c.w.s.interceptor.JwtTokenAdminInterceptor - jwt校验:eyJhbGciOiJIUzI1NiJ9.eyJleHAiOjE4Mzg3MTU2MzAsInVzZXJJZCI6MX0.SRUHLOaSYt1q6dk9wrD25Z9Zk4z_1bVr9FR88DvqmAw
2025-12-26 10:20:30.949 [http-nio-8081-exec-1] INFO  c.w.s.interceptor.JwtTokenAdminInterceptor - jwt校验成功:{exp=1838715630, userId=1}
2025-12-26 10:20:31.012 [http-nio-8081-exec-2] INFO  c.w.s.interceptor.JwtTokenAdminInterceptor - jwt校验:eyJhbGciOiJIUzI1NiJ9.eyJleHAiOjE4Mzg3MTU2MzAsInVzZXJJZCI6MX0.SRUHLOaSYt1q6dk9wrD25Z9Zk4z_1bVr9FR88DvqmAw
2025-12-26 10:20:31.013 [http-nio-8081-exec-2] INFO  c.w.s.interceptor.JwtTokenAdminInterceptor - jwt校验成功:{exp=1838715630, userId=1}
2025-12-26 10:20:54.480 [http-nio-8081-exec-3] INFO  c.w.s.interceptor.JwtTokenAdminInterceptor - jwt校验:eyJhbGciOiJIUzI1NiJ9.eyJleHAiOjE4Mzg3MTU2MzAsInVzZXJJZCI6MX0.SRUHLOaSYt1q6dk9wrD25Z9Zk4z_1bVr9FR88DvqmAw
2025-12-26 10:20:54.480 [http-nio-8081-exec-3] INFO  c.w.s.interceptor.JwtTokenAdminInterceptor - jwt校验成功:{exp=1838715630, userId=1}
2025-12-26 10:20:57.700 [http-nio-8081-exec-4] INFO  c.w.s.interceptor.JwtTokenAdminInterceptor - jwt校验:eyJhbGciOiJIUzI1NiJ9.eyJleHAiOjE4Mzg3MTU2MzAsInVzZXJJZCI6MX0.SRUHLOaSYt1q6dk9wrD25Z9Zk4z_1bVr9FR88DvqmAw
2025-12-26 10:20:57.700 [http-nio-8081-exec-4] INFO  c.w.s.interceptor.JwtTokenAdminInterceptor - jwt校验成功:{exp=1838715630, userId=1}
2025-12-26 10:20:57.703 [http-nio-8081-exec-4] INFO  c.w.s.service.Impl.RepairsServiceImpl - 权限：123456
2025-12-26 10:21:11.534 [http-nio-8081-exec-5] INFO  c.w.s.interceptor.JwtTokenAdminInterceptor - jwt校验:eyJhbGciOiJIUzI1NiJ9.eyJleHAiOjE4Mzg3MTU2MzAsInVzZXJJZCI6MX0.SRUHLOaSYt1q6dk9wrD25Z9Zk4z_1bVr9FR88DvqmAw
2025-12-26 10:21:11.535 [http-nio-8081-exec-5] INFO  c.w.s.interceptor.JwtTokenAdminInterceptor - jwt校验成功:{exp=1838715630, userId=1}
2025-12-26 10:21:11.553 [http-nio-8081-exec-8] INFO  c.w.s.interceptor.JwtTokenAdminInterceptor - jwt校验:eyJhbGciOiJIUzI1NiJ9.eyJleHAiOjE4Mzg3MTU2MzAsInVzZXJJZCI6MX0.SRUHLOaSYt1q6dk9wrD25Z9Zk4z_1bVr9FR88DvqmAw
2025-12-26 10:21:11.554 [http-nio-8081-exec-8] INFO  c.w.s.interceptor.JwtTokenAdminInterceptor - jwt校验成功:{exp=1838715630, userId=1}
2025-12-26 10:21:11.556 [http-nio-8081-exec-8] INFO  c.w.s.service.Impl.RepairsServiceImpl - 权限：123456
2025-12-26 10:21:19.200 [http-nio-8081-exec-7] INFO  c.w.s.interceptor.JwtTokenAdminInterceptor - jwt校验:eyJhbGciOiJIUzI1NiJ9.eyJleHAiOjE4Mzg3MTU2MzAsInVzZXJJZCI6MX0.SRUHLOaSYt1q6dk9wrD25Z9Zk4z_1bVr9FR88DvqmAw
2025-12-26 10:21:19.200 [http-nio-8081-exec-7] INFO  c.w.s.interceptor.JwtTokenAdminInterceptor - jwt校验成功:{exp=1838715630, userId=1}
2025-12-26 10:21:19.212 [http-nio-8081-exec-1] INFO  c.w.s.interceptor.JwtTokenAdminInterceptor - jwt校验:eyJhbGciOiJIUzI1NiJ9.eyJleHAiOjE4Mzg3MTU2MzAsInVzZXJJZCI6MX0.SRUHLOaSYt1q6dk9wrD25Z9Zk4z_1bVr9FR88DvqmAw
2025-12-26 10:21:19.212 [http-nio-8081-exec-1] INFO  c.w.s.interceptor.JwtTokenAdminInterceptor - jwt校验成功:{exp=1838715630, userId=1}
2025-12-26 10:21:19.213 [http-nio-8081-exec-1] INFO  c.w.s.service.Impl.RepairsServiceImpl - 权限：123456
2025-12-26 10:21:25.322 [http-nio-8081-exec-9] INFO  c.w.s.interceptor.JwtTokenAdminInterceptor - jwt校验:eyJhbGciOiJIUzI1NiJ9.eyJleHAiOjE4Mzg3MTU2MzAsInVzZXJJZCI6MX0.SRUHLOaSYt1q6dk9wrD25Z9Zk4z_1bVr9FR88DvqmAw
2025-12-26 10:21:25.324 [http-nio-8081-exec-9] INFO  c.w.s.interceptor.JwtTokenAdminInterceptor - jwt校验成功:{exp=1838715630, userId=1}
2025-12-26 10:21:27.282 [http-nio-8081-exec-3] INFO  c.w.s.interceptor.JwtTokenAdminInterceptor - jwt校验:eyJhbGciOiJIUzI1NiJ9.eyJleHAiOjE4Mzg3MTU2MzAsInVzZXJJZCI6MX0.SRUHLOaSYt1q6dk9wrD25Z9Zk4z_1bVr9FR88DvqmAw
2025-12-26 10:21:27.284 [http-nio-8081-exec-3] INFO  c.w.s.interceptor.JwtTokenAdminInterceptor - jwt校验成功:{exp=1838715630, userId=1}
2025-12-26 10:21:33.320 [http-nio-8081-exec-6] INFO  c.w.s.interceptor.JwtTokenAdminInterceptor - jwt校验:eyJhbGciOiJIUzI1NiJ9.eyJleHAiOjE4Mzg3MTU2MzAsInVzZXJJZCI6MX0.SRUHLOaSYt1q6dk9wrD25Z9Zk4z_1bVr9FR88DvqmAw
2025-12-26 10:21:33.320 [http-nio-8081-exec-6] INFO  c.w.s.interceptor.JwtTokenAdminInterceptor - jwt校验成功:{exp=1838715630, userId=1}
2025-12-26 10:21:37.601 [http-nio-8081-exec-5] INFO  c.w.s.interceptor.JwtTokenAdminInterceptor - jwt校验:eyJhbGciOiJIUzI1NiJ9.eyJleHAiOjE4Mzg3MTU2MzAsInVzZXJJZCI6MX0.SRUHLOaSYt1q6dk9wrD25Z9Zk4z_1bVr9FR88DvqmAw
2025-12-26 10:21:37.601 [http-nio-8081-exec-5] INFO  c.w.s.interceptor.JwtTokenAdminInterceptor - jwt校验成功:{exp=1838715630, userId=1}
2025-12-26 10:21:37.604 [http-nio-8081-exec-5] INFO  c.w.s.service.Impl.NotificationServiceImpl - 获得用户权限,123456
2025-12-26 10:21:51.781 [http-nio-8081-exec-8] INFO  c.w.s.interceptor.JwtTokenAdminInterceptor - jwt校验:eyJhbGciOiJIUzI1NiJ9.eyJleHAiOjE4Mzg3MTU2MzAsInVzZXJJZCI6MX0.SRUHLOaSYt1q6dk9wrD25Z9Zk4z_1bVr9FR88DvqmAw
2025-12-26 10:21:51.782 [http-nio-8081-exec-8] INFO  c.w.s.interceptor.JwtTokenAdminInterceptor - jwt校验成功:{exp=1838715630, userId=1}
2025-12-26 10:21:51.783 [http-nio-8081-exec-8] INFO  c.w.s.controller.admin.NotificationController - 添加通知,text
2025-12-26 10:21:52.003 [http-nio-8081-exec-8] INFO  c.w.s.utils.AliOssUtil - 文件上传到:https://shcoolsystem.oss-cn-beijing.aliyuncs.com/03862947-2c23-4958-8f88-348373c27794.jpg
2025-12-26 10:21:52.003 [http-nio-8081-exec-8] INFO  c.w.s.service.Impl.NotificationServiceImpl - 图片字符串https://shcoolsystem.oss-cn-beijing.aliyuncs.com/03862947-2c23-4958-8f88-348373c27794.jpg
2025-12-26 10:21:52.862 [http-nio-8081-exec-10] INFO  c.w.s.interceptor.JwtTokenAdminInterceptor - jwt校验:eyJhbGciOiJIUzI1NiJ9.eyJleHAiOjE4Mzg3MTU2MzAsInVzZXJJZCI6MX0.SRUHLOaSYt1q6dk9wrD25Z9Zk4z_1bVr9FR88DvqmAw
2025-12-26 10:21:52.862 [http-nio-8081-exec-10] INFO  c.w.s.interceptor.JwtTokenAdminInterceptor - jwt校验成功:{exp=1838715630, userId=1}
2025-12-26 10:21:52.864 [http-nio-8081-exec-10] INFO  c.w.s.service.Impl.NotificationServiceImpl - 获得用户权限,123456
2025-12-26 10:21:53.994 [http-nio-8081-exec-1] INFO  c.w.s.interceptor.JwtTokenAdminInterceptor - jwt校验:eyJhbGciOiJIUzI1NiJ9.eyJleHAiOjE4Mzg3MTU2MzAsInVzZXJJZCI6MX0.SRUHLOaSYt1q6dk9wrD25Z9Zk4z_1bVr9FR88DvqmAw
2025-12-26 10:21:53.994 [http-nio-8081-exec-1] INFO  c.w.s.interceptor.JwtTokenAdminInterceptor - jwt校验成功:{exp=1838715630, userId=1}
2025-12-26 10:21:54.051 [http-nio-8081-exec-2] INFO  c.w.s.interceptor.JwtTokenAdminInterceptor - jwt校验:eyJhbGciOiJIUzI1NiJ9.eyJleHAiOjE4Mzg3MTU2MzAsInVzZXJJZCI6MX0.SRUHLOaSYt1q6dk9wrD25Z9Zk4z_1bVr9FR88DvqmAw
2025-12-26 10:21:54.053 [http-nio-8081-exec-2] INFO  c.w.s.interceptor.JwtTokenAdminInterceptor - jwt校验成功:{exp=1838715630, userId=1}
2025-12-26 10:21:56.024 [http-nio-8081-exec-9] INFO  c.w.s.interceptor.JwtTokenAdminInterceptor - jwt校验:eyJhbGciOiJIUzI1NiJ9.eyJleHAiOjE4Mzg3MTU2MzAsInVzZXJJZCI6MX0.SRUHLOaSYt1q6dk9wrD25Z9Zk4z_1bVr9FR88DvqmAw
2025-12-26 10:21:56.025 [http-nio-8081-exec-9] INFO  c.w.s.interceptor.JwtTokenAdminInterceptor - jwt校验成功:{exp=1838715630, userId=1}
2025-12-26 10:21:56.026 [http-nio-8081-exec-9] INFO  c.w.s.service.Impl.NotificationServiceImpl - 获得用户权限,123456
2025-12-26 10:22:03.336 [http-nio-8081-exec-4] INFO  c.w.s.interceptor.JwtTokenAdminInterceptor - jwt校验:eyJhbGciOiJIUzI1NiJ9.eyJleHAiOjE4Mzg3MTU2MzAsInVzZXJJZCI6MX0.SRUHLOaSYt1q6dk9wrD25Z9Zk4z_1bVr9FR88DvqmAw
2025-12-26 10:22:03.336 [http-nio-8081-exec-5] INFO  c.w.s.interceptor.JwtTokenAdminInterceptor - jwt校验:eyJhbGciOiJIUzI1NiJ9.eyJleHAiOjE4Mzg3MTU2MzAsInVzZXJJZCI6MX0.SRUHLOaSYt1q6dk9wrD25Z9Zk4z_1bVr9FR88DvqmAw
2025-12-26 10:22:03.336 [http-nio-8081-exec-6] INFO  c.w.s.interceptor.JwtTokenAdminInterceptor - jwt校验:eyJhbGciOiJIUzI1NiJ9.eyJleHAiOjE4Mzg3MTU2MzAsInVzZXJJZCI6MX0.SRUHLOaSYt1q6dk9wrD25Z9Zk4z_1bVr9FR88DvqmAw
2025-12-26 10:22:03.337 [http-nio-8081-exec-4] INFO  c.w.s.interceptor.JwtTokenAdminInterceptor - jwt校验成功:{exp=1838715630, userId=1}
2025-12-26 10:22:03.337 [http-nio-8081-exec-6] INFO  c.w.s.interceptor.JwtTokenAdminInterceptor - jwt校验成功:{exp=1838715630, userId=1}
2025-12-26 10:22:03.337 [http-nio-8081-exec-5] INFO  c.w.s.interceptor.JwtTokenAdminInterceptor - jwt校验成功:{exp=1838715630, userId=1}
2025-12-26 10:22:03.339 [http-nio-8081-exec-5] INFO  c.w.s.controller.admin.LostAndFoundController - 获取失物招领列表,null
2025-12-26 10:22:03.341 [http-nio-8081-exec-8] INFO  c.w.s.interceptor.JwtTokenAdminInterceptor - jwt校验:eyJhbGciOiJIUzI1NiJ9.eyJleHAiOjE4Mzg3MTU2MzAsInVzZXJJZCI6MX0.SRUHLOaSYt1q6dk9wrD25Z9Zk4z_1bVr9FR88DvqmAw
2025-12-26 10:22:03.341 [http-nio-8081-exec-10] INFO  c.w.s.interceptor.JwtTokenAdminInterceptor - jwt校验:eyJhbGciOiJIUzI1NiJ9.eyJleHAiOjE4Mzg3MTU2MzAsInVzZXJJZCI6MX0.SRUHLOaSYt1q6dk9wrD25Z9Zk4z_1bVr9FR88DvqmAw
2025-12-26 10:22:03.343 [http-nio-8081-exec-10] INFO  c.w.s.interceptor.JwtTokenAdminInterceptor - jwt校验成功:{exp=1838715630, userId=1}
2025-12-26 10:22:03.343 [http-nio-8081-exec-8] INFO  c.w.s.interceptor.JwtTokenAdminInterceptor - jwt校验成功:{exp=1838715630, userId=1}
2025-12-26 10:22:06.629 [http-nio-8081-exec-2] INFO  c.w.s.interceptor.JwtTokenAdminInterceptor - jwt校验:eyJhbGciOiJIUzI1NiJ9.eyJleHAiOjE4Mzg3MTU2MzAsInVzZXJJZCI6MX0.SRUHLOaSYt1q6dk9wrD25Z9Zk4z_1bVr9FR88DvqmAw
2025-12-26 10:22:06.629 [http-nio-8081-exec-1] INFO  c.w.s.interceptor.JwtTokenAdminInterceptor - jwt校验:eyJhbGciOiJIUzI1NiJ9.eyJleHAiOjE4Mzg3MTU2MzAsInVzZXJJZCI6MX0.SRUHLOaSYt1q6dk9wrD25Z9Zk4z_1bVr9FR88DvqmAw
2025-12-26 10:22:06.631 [http-nio-8081-exec-1] INFO  c.w.s.interceptor.JwtTokenAdminInterceptor - jwt校验成功:{exp=1838715630, userId=1}
2025-12-26 10:22:06.631 [http-nio-8081-exec-2] INFO  c.w.s.interceptor.JwtTokenAdminInterceptor - jwt校验成功:{exp=1838715630, userId=1}
2025-12-26 10:22:06.644 [http-nio-8081-exec-9] INFO  c.w.s.interceptor.JwtTokenAdminInterceptor - jwt校验:eyJhbGciOiJIUzI1NiJ9.eyJleHAiOjE4Mzg3MTU2MzAsInVzZXJJZCI6MX0.SRUHLOaSYt1q6dk9wrD25Z9Zk4z_1bVr9FR88DvqmAw
2025-12-26 10:22:06.645 [http-nio-8081-exec-9] INFO  c.w.s.interceptor.JwtTokenAdminInterceptor - jwt校验成功:{exp=1838715630, userId=1}
2025-12-26 10:22:10.668 [http-nio-8081-exec-3] INFO  c.w.s.interceptor.JwtTokenAdminInterceptor - jwt校验:eyJhbGciOiJIUzI1NiJ9.eyJleHAiOjE4Mzg3MTU2MzAsInVzZXJJZCI6MX0.SRUHLOaSYt1q6dk9wrD25Z9Zk4z_1bVr9FR88DvqmAw
2025-12-26 10:22:10.668 [http-nio-8081-exec-3] INFO  c.w.s.interceptor.JwtTokenAdminInterceptor - jwt校验成功:{exp=1838715630, userId=1}
2025-12-26 10:22:11.767 [http-nio-8081-exec-6] INFO  c.w.s.interceptor.JwtTokenAdminInterceptor - jwt校验:eyJhbGciOiJIUzI1NiJ9.eyJleHAiOjE4Mzg3MTU2MzAsInVzZXJJZCI6MX0.SRUHLOaSYt1q6dk9wrD25Z9Zk4z_1bVr9FR88DvqmAw
2025-12-26 10:22:11.767 [http-nio-8081-exec-6] INFO  c.w.s.interceptor.JwtTokenAdminInterceptor - jwt校验成功:{exp=1838715630, userId=1}
2025-12-26 10:22:13.232 [http-nio-8081-exec-4] INFO  c.w.s.interceptor.JwtTokenAdminInterceptor - jwt校验:eyJhbGciOiJIUzI1NiJ9.eyJleHAiOjE4Mzg3MTU2MzAsInVzZXJJZCI6MX0.SRUHLOaSYt1q6dk9wrD25Z9Zk4z_1bVr9FR88DvqmAw
2025-12-26 10:22:13.234 [http-nio-8081-exec-4] INFO  c.w.s.interceptor.JwtTokenAdminInterceptor - jwt校验成功:{exp=1838715630, userId=1}
2025-12-26 10:22:13.235 [http-nio-8081-exec-4] INFO  c.w.s.controller.admin.LostAndFoundController - 获取失物招领列表,null
2025-12-26 10:22:28.502 [http-nio-8081-exec-8] INFO  c.w.s.interceptor.JwtTokenAdminInterceptor - jwt校验:eyJhbGciOiJIUzI1NiJ9.eyJleHAiOjE4Mzg3MTU2MzAsInVzZXJJZCI6MX0.SRUHLOaSYt1q6dk9wrD25Z9Zk4z_1bVr9FR88DvqmAw
2025-12-26 10:22:28.503 [http-nio-8081-exec-8] INFO  c.w.s.interceptor.JwtTokenAdminInterceptor - jwt校验成功:{exp=1838715630, userId=1}
2025-12-26 10:22:28.503 [http-nio-8081-exec-8] INFO  c.w.s.controller.admin.LostAndFoundController - 添加分类,AddLocationDTO(locationName=text)
2025-12-26 10:22:28.513 [http-nio-8081-exec-5] INFO  c.w.s.interceptor.JwtTokenAdminInterceptor - jwt校验:eyJhbGciOiJIUzI1NiJ9.eyJleHAiOjE4Mzg3MTU2MzAsInVzZXJJZCI6MX0.SRUHLOaSYt1q6dk9wrD25Z9Zk4z_1bVr9FR88DvqmAw
2025-12-26 10:22:28.513 [http-nio-8081-exec-5] INFO  c.w.s.interceptor.JwtTokenAdminInterceptor - jwt校验成功:{exp=1838715630, userId=1}
2025-12-26 10:22:28.516 [http-nio-8081-exec-10] INFO  c.w.s.interceptor.JwtTokenAdminInterceptor - jwt校验:eyJhbGciOiJIUzI1NiJ9.eyJleHAiOjE4Mzg3MTU2MzAsInVzZXJJZCI6MX0.SRUHLOaSYt1q6dk9wrD25Z9Zk4z_1bVr9FR88DvqmAw
2025-12-26 10:22:28.518 [http-nio-8081-exec-10] INFO  c.w.s.interceptor.JwtTokenAdminInterceptor - jwt校验成功:{exp=1838715630, userId=1}
2025-12-26 10:22:30.489 [http-nio-8081-exec-7] INFO  c.w.s.interceptor.JwtTokenAdminInterceptor - jwt校验:eyJhbGciOiJIUzI1NiJ9.eyJleHAiOjE4Mzg3MTU2MzAsInVzZXJJZCI6MX0.SRUHLOaSYt1q6dk9wrD25Z9Zk4z_1bVr9FR88DvqmAw
2025-12-26 10:22:30.489 [http-nio-8081-exec-7] INFO  c.w.s.interceptor.JwtTokenAdminInterceptor - jwt校验成功:{exp=1838715630, userId=1}
2025-12-26 10:22:30.490 [http-nio-8081-exec-7] INFO  c.w.s.controller.admin.LostAndFoundController - 获取失物招领列表,null
2025-12-26 10:22:37.075 [http-nio-8081-exec-9] INFO  c.w.s.interceptor.JwtTokenAdminInterceptor - jwt校验:eyJhbGciOiJIUzI1NiJ9.eyJleHAiOjE4Mzg3MTU2MzAsInVzZXJJZCI6MX0.SRUHLOaSYt1q6dk9wrD25Z9Zk4z_1bVr9FR88DvqmAw
2025-12-26 10:22:37.075 [http-nio-8081-exec-1] INFO  c.w.s.interceptor.JwtTokenAdminInterceptor - jwt校验:eyJhbGciOiJIUzI1NiJ9.eyJleHAiOjE4Mzg3MTU2MzAsInVzZXJJZCI6MX0.SRUHLOaSYt1q6dk9wrD25Z9Zk4z_1bVr9FR88DvqmAw
2025-12-26 10:22:37.075 [http-nio-8081-exec-3] INFO  c.w.s.interceptor.JwtTokenAdminInterceptor - jwt校验:eyJhbGciOiJIUzI1NiJ9.eyJleHAiOjE4Mzg3MTU2MzAsInVzZXJJZCI6MX0.SRUHLOaSYt1q6dk9wrD25Z9Zk4z_1bVr9FR88DvqmAw
2025-12-26 10:22:37.075 [http-nio-8081-exec-1] INFO  c.w.s.interceptor.JwtTokenAdminInterceptor - jwt校验成功:{exp=1838715630, userId=1}
2025-12-26 10:22:37.075 [http-nio-8081-exec-9] INFO  c.w.s.interceptor.JwtTokenAdminInterceptor - jwt校验成功:{exp=1838715630, userId=1}
2025-12-26 10:22:37.075 [http-nio-8081-exec-3] INFO  c.w.s.interceptor.JwtTokenAdminInterceptor - jwt校验成功:{exp=1838715630, userId=1}
2025-12-26 10:22:38.980 [http-nio-8081-exec-4] INFO  c.w.s.interceptor.JwtTokenAdminInterceptor - jwt校验:eyJhbGciOiJIUzI1NiJ9.eyJleHAiOjE4Mzg3MTU2MzAsInVzZXJJZCI6MX0.SRUHLOaSYt1q6dk9wrD25Z9Zk4z_1bVr9FR88DvqmAw
2025-12-26 10:22:38.980 [http-nio-8081-exec-8] INFO  c.w.s.interceptor.JwtTokenAdminInterceptor - jwt校验:eyJhbGciOiJIUzI1NiJ9.eyJleHAiOjE4Mzg3MTU2MzAsInVzZXJJZCI6MX0.SRUHLOaSYt1q6dk9wrD25Z9Zk4z_1bVr9FR88DvqmAw
2025-12-26 10:22:38.981 [http-nio-8081-exec-4] INFO  c.w.s.interceptor.JwtTokenAdminInterceptor - jwt校验成功:{exp=1838715630, userId=1}
2025-12-26 10:22:38.981 [http-nio-8081-exec-8] INFO  c.w.s.interceptor.JwtTokenAdminInterceptor - jwt校验成功:{exp=1838715630, userId=1}
2025-12-26 10:22:42.736 [http-nio-8081-exec-5] INFO  c.w.s.interceptor.JwtTokenAdminInterceptor - jwt校验:eyJhbGciOiJIUzI1NiJ9.eyJleHAiOjE4Mzg3MTU2MzAsInVzZXJJZCI6MX0.SRUHLOaSYt1q6dk9wrD25Z9Zk4z_1bVr9FR88DvqmAw
2025-12-26 10:22:42.737 [http-nio-8081-exec-5] INFO  c.w.s.interceptor.JwtTokenAdminInterceptor - jwt校验成功:{exp=1838715630, userId=1}
2025-12-26 10:22:42.741 [http-nio-8081-exec-5] INFO  c.w.s.service.Impl.DormitoryServiceImpl - 更新前的宿舍：DormRoom(roomId=33, buildingId=3, floorNumber=null, roomNumber=101宿舍, currentPeople=5, maxPeople=6, createTime=2025-12-22T23:37:03, studentArray=202312060112,202312060113,202312060114,202312060115,202212060116)
2025-12-26 10:22:42.741 [http-nio-8081-exec-5] INFO  c.w.s.service.Impl.DormitoryServiceImpl - 更新后的宿舍：DormRoom(roomId=33, buildingId=3, floorNumber=null, roomNumber=101宿舍, currentPeople=4, maxPeople=6, createTime=2025-12-22T23:37:03, studentArray=202312060112,202312060113,202312060114,202312060115)
2025-12-26 10:22:42.758 [http-nio-8081-exec-10] INFO  c.w.s.interceptor.JwtTokenAdminInterceptor - jwt校验:eyJhbGciOiJIUzI1NiJ9.eyJleHAiOjE4Mzg3MTU2MzAsInVzZXJJZCI6MX0.SRUHLOaSYt1q6dk9wrD25Z9Zk4z_1bVr9FR88DvqmAw
2025-12-26 10:22:42.758 [http-nio-8081-exec-10] INFO  c.w.s.interceptor.JwtTokenAdminInterceptor - jwt校验成功:{exp=1838715630, userId=1}
2025-12-26 10:22:45.106 [http-nio-8081-exec-7] INFO  c.w.s.interceptor.JwtTokenAdminInterceptor - jwt校验:eyJhbGciOiJIUzI1NiJ9.eyJleHAiOjE4Mzg3MTU2MzAsInVzZXJJZCI6MX0.SRUHLOaSYt1q6dk9wrD25Z9Zk4z_1bVr9FR88DvqmAw
2025-12-26 10:22:45.106 [http-nio-8081-exec-9] INFO  c.w.s.interceptor.JwtTokenAdminInterceptor - jwt校验:eyJhbGciOiJIUzI1NiJ9.eyJleHAiOjE4Mzg3MTU2MzAsInVzZXJJZCI6MX0.SRUHLOaSYt1q6dk9wrD25Z9Zk4z_1bVr9FR88DvqmAw
2025-12-26 10:22:45.107 [http-nio-8081-exec-7] INFO  c.w.s.interceptor.JwtTokenAdminInterceptor - jwt校验成功:{exp=1838715630, userId=1}
2025-12-26 10:22:45.106 [http-nio-8081-exec-2] INFO  c.w.s.interceptor.JwtTokenAdminInterceptor - jwt校验:eyJhbGciOiJIUzI1NiJ9.eyJleHAiOjE4Mzg3MTU2MzAsInVzZXJJZCI6MX0.SRUHLOaSYt1q6dk9wrD25Z9Zk4z_1bVr9FR88DvqmAw
2025-12-26 10:22:45.107 [http-nio-8081-exec-9] INFO  c.w.s.interceptor.JwtTokenAdminInterceptor - jwt校验成功:{exp=1838715630, userId=1}
2025-12-26 10:22:45.107 [http-nio-8081-exec-2] INFO  c.w.s.interceptor.JwtTokenAdminInterceptor - jwt校验成功:{exp=1838715630, userId=1}
2025-12-26 10:22:49.976 [http-nio-8081-exec-1] INFO  c.w.s.interceptor.JwtTokenAdminInterceptor - jwt校验:eyJhbGciOiJIUzI1NiJ9.eyJleHAiOjE4Mzg3MTU2MzAsInVzZXJJZCI6MX0.SRUHLOaSYt1q6dk9wrD25Z9Zk4z_1bVr9FR88DvqmAw
2025-12-26 10:22:49.978 [http-nio-8081-exec-1] INFO  c.w.s.interceptor.JwtTokenAdminInterceptor - jwt校验成功:{exp=1838715630, userId=1}
2025-12-26 10:22:50.209 [http-nio-8081-exec-3] INFO  c.w.s.interceptor.JwtTokenAdminInterceptor - jwt校验:eyJhbGciOiJIUzI1NiJ9.eyJleHAiOjE4Mzg3MTU2MzAsInVzZXJJZCI6MX0.SRUHLOaSYt1q6dk9wrD25Z9Zk4z_1bVr9FR88DvqmAw
2025-12-26 10:22:50.210 [http-nio-8081-exec-3] INFO  c.w.s.interceptor.JwtTokenAdminInterceptor - jwt校验成功:{exp=1838715630, userId=1}
2025-12-26 10:22:50.533 [http-nio-8081-exec-6] INFO  c.w.s.interceptor.JwtTokenAdminInterceptor - jwt校验:eyJhbGciOiJIUzI1NiJ9.eyJleHAiOjE4Mzg3MTU2MzAsInVzZXJJZCI6MX0.SRUHLOaSYt1q6dk9wrD25Z9Zk4z_1bVr9FR88DvqmAw
2025-12-26 10:22:50.533 [http-nio-8081-exec-6] INFO  c.w.s.interceptor.JwtTokenAdminInterceptor - jwt校验成功:{exp=1838715630, userId=1}
2025-12-26 10:22:50.808 [http-nio-8081-exec-4] INFO  c.w.s.interceptor.JwtTokenAdminInterceptor - jwt校验:eyJhbGciOiJIUzI1NiJ9.eyJleHAiOjE4Mzg3MTU2MzAsInVzZXJJZCI6MX0.SRUHLOaSYt1q6dk9wrD25Z9Zk4z_1bVr9FR88DvqmAw
2025-12-26 10:22:50.808 [http-nio-8081-exec-4] INFO  c.w.s.interceptor.JwtTokenAdminInterceptor - jwt校验成功:{exp=1838715630, userId=1}
2025-12-26 10:22:52.205 [http-nio-8081-exec-8] INFO  c.w.s.interceptor.JwtTokenAdminInterceptor - jwt校验:eyJhbGciOiJIUzI1NiJ9.eyJleHAiOjE4Mzg3MTU2MzAsInVzZXJJZCI6MX0.SRUHLOaSYt1q6dk9wrD25Z9Zk4z_1bVr9FR88DvqmAw
2025-12-26 10:22:52.205 [http-nio-8081-exec-8] INFO  c.w.s.interceptor.JwtTokenAdminInterceptor - jwt校验成功:{exp=1838715630, userId=1}
2025-12-26 10:22:52.214 [http-nio-8081-exec-5] INFO  c.w.s.interceptor.JwtTokenAdminInterceptor - jwt校验:eyJhbGciOiJIUzI1NiJ9.eyJleHAiOjE4Mzg3MTU2MzAsInVzZXJJZCI6MX0.SRUHLOaSYt1q6dk9wrD25Z9Zk4z_1bVr9FR88DvqmAw
2025-12-26 10:22:52.214 [http-nio-8081-exec-5] INFO  c.w.s.interceptor.JwtTokenAdminInterceptor - jwt校验成功:{exp=1838715630, userId=1}
2025-12-26 10:22:53.438 [http-nio-8081-exec-10] INFO  c.w.s.interceptor.JwtTokenAdminInterceptor - jwt校验:eyJhbGciOiJIUzI1NiJ9.eyJleHAiOjE4Mzg3MTU2MzAsInVzZXJJZCI6MX0.SRUHLOaSYt1q6dk9wrD25Z9Zk4z_1bVr9FR88DvqmAw
2025-12-26 10:22:53.438 [http-nio-8081-exec-10] INFO  c.w.s.interceptor.JwtTokenAdminInterceptor - jwt校验成功:{exp=1838715630, userId=1}
2025-12-26 10:25:15.324 [HikariPool-1 housekeeper] WARN  com.zaxxer.hikari.pool.HikariPool - HikariPool-1 - Thread starvation or clock leap detected (housekeeper delta=49s32ms262µs800ns).
2025-12-26 10:33:46.960 [SpringApplicationShutdownHook] INFO  com.zaxxer.hikari.HikariDataSource - HikariPool-1 - Shutdown initiated...
2025-12-26 10:33:46.967 [SpringApplicationShutdownHook] INFO  com.zaxxer.hikari.HikariDataSource - HikariPool-1 - Shutdown completed.
